<?xml version="1.0" encoding="UTF-8"?>
<!-- Generated by org.testng.reporters.JUnitXMLReporter -->
<testsuite ignored="0" hostname="sarada-HP-255-G6-Notebook-PC" failures="0" tests="4" name="Test1" time="30.925" errors="0" timestamp="17 Apr 2020 07:24:05 GMT">
  <testcase classname="Test.ExtentReportWithTestNG2xmldemo" name="Test2" time="14.176"/>
  <testcase classname="Test.Test_xml_TestNG2" name="googlesearch" time="15.271"/>
  <testcase classname="Test.Test_xml_TestNG2" name="googlesearchikea" time="11.178"/>
  <testcase classname="Test.ExtentReportWithTestNG2xmldemo" name="test" time="12.436"/>
</testsuite> <!-- Test1 -->
