<?xml version="1.0" encoding="UTF-8"?>
<!-- Generated by org.testng.reporters.JUnitXMLReporter -->
<testsuite ignored="0" hostname="sarada-HP-255-G6-Notebook-PC" failures="0" tests="6" name="Test" time="8.506" errors="0" timestamp="19 Apr 2020 09:36:24 GMT">
  <testcase classname="listeners.TestNGListenerDemo2" name="test6" time="0.026">
    <skipped/>
  </testcase> <!-- test6 -->
  <testcase classname="listeners.TestNGListenerDemo" name="test1" time="0.012"/>
  <testcase classname="listeners.TestNGListenerDemo" name="test2" time="8.321"/>
  <testcase classname="listeners.TestNGListenerDemo" name="test3" time="0.004">
    <skipped/>
  </testcase> <!-- test3 -->
  <testcase classname="listeners.TestNGListenerDemo2" name="test4" time="0.009"/>
  <testcase classname="listeners.TestNGListenerDemo2" name="test5" time="0.011"/>
</testsuite> <!-- Test -->
