<?xml version="1.0" encoding="UTF-8"?>
<testng-results ignored="0" total="1" passed="1" failed="0" skipped="0">
  <reporter-output>
  </reporter-output>
  <suite started-at="2020-04-19T17:01:19Z" name="Default suite" finished-at="2020-04-19T17:01:23Z" duration-ms="4070">
    <groups>
    </groups>
    <test started-at="2020-04-19T17:01:19Z" name="Default test" finished-at="2020-04-19T17:01:23Z" duration-ms="4070">
      <class name="HeadlessBrowserDemo.HEsadLessBrowserTest">
        <test-method signature="headlessBrowser()[pri:0, instance:HeadlessBrowserDemo.HEsadLessBrowserTest@4a8355dd]" started-at="2020-04-19T17:01:19Z" name="headlessBrowser" finished-at="2020-04-19T17:01:23Z" duration-ms="3948" status="PASS">
          <reporter-output>
          </reporter-output>
        </test-method> <!-- headlessBrowser -->
      </class> <!-- HeadlessBrowserDemo.HEsadLessBrowserTest -->
    </test> <!-- Default test -->
  </suite> <!-- Default suite -->
</testng-results>
